[2016-04-26 22:38:05] production.ERROR: exception 'ErrorException' with message 'Use of undefined constant MCRYPT_RIJNDAEL_128 - assumed 'MCRYPT_RIJNDAEL_128'' in /var/www/html/p_crawl_news/vendor/laravel/framework/src/Illuminate/Encryption/EncryptionServiceProvider.php:16
Stack trace:
#0 /var/www/html/p_crawl_news/vendor/laravel/framework/src/Illuminate/Encryption/EncryptionServiceProvider.php(16): Illuminate\Foundation\Bootstrap\HandleExceptions->handleError(8, 'Use of undefine...', '/var/www/html/p...', 16, Array)
#1 /var/www/html/p_crawl_news/vendor/laravel/framework/src/Illuminate/Container/Container.php(773): Illuminate\Encryption\EncryptionServiceProvider->Illuminate\Encryption\{closure}(Object(Illuminate\Foundation\Application), Array)
#2 /var/www/html/p_crawl_news/vendor/laravel/framework/src/Illuminate/Container/Container.php(656): Illuminate\Container\Container->build(Object(Closure), Array)
#3 /var/www/html/p_crawl_news/vendor/laravel/framework/src/Illuminate/Foundation/Application.php(613): Illuminate\Container\Container->make('encrypter', Array)
#4 /var/www/html/p_crawl_news/vendor/laravel/framework/src/Illuminate/Container/Container.php(887): Illuminate\Foundation\Application->make('Illuminate\Cont...')
#5 /var/www/html/p_crawl_news/vendor/laravel/framework/src/Illuminate/Container/Container.php(848): Illuminate\Container\Container->resolveClass(Object(ReflectionParameter))
#6 /var/www/html/p_crawl_news/vendor/laravel/framework/src/Illuminate/Container/Container.php(813): Illuminate\Container\Container->getDependencies(Array, Array)
#7 /var/www/html/p_crawl_news/vendor/laravel/framework/src/Illuminate/Container/Container.php(656): Illuminate\Container\Container->build('Illuminate\Cook...', Array)
#8 /var/www/html/p_crawl_news/vendor/laravel/framework/src/Illuminate/Foundation/Application.php(613): Illuminate\Container\Container->make('Illuminate\Cook...', Array)
#9 /var/www/html/p_crawl_news/vendor/laravel/framework/src/Illuminate/Pipeline/Pipeline.php(124): Illuminate\Foundation\Application->make('Illuminate\Cook...')
#10 /var/www/html/p_crawl_news/vendor/laravel/framework/src/Illuminate/Foundation/Http/Middleware/CheckForMaintenanceMode.php(42): Illuminate\Pipeline\Pipeline->Illuminate\Pipeline\{closure}(Object(Illuminate\Http\Request))
#11 /var/www/html/p_crawl_news/vendor/laravel/framework/src/Illuminate/Pipeline/Pipeline.php(125): Illuminate\Foundation\Http\Middleware\CheckForMaintenanceMode->handle(Object(Illuminate\Http\Request), Object(Closure))
#12 [internal function]: Illuminate\Pipeline\Pipeline->Illuminate\Pipeline\{closure}(Object(Illuminate\Http\Request))
#13 /var/www/html/p_crawl_news/vendor/laravel/framework/src/Illuminate/Pipeline/Pipeline.php(101): call_user_func(Object(Closure), Object(Illuminate\Http\Request))
#14 /var/www/html/p_crawl_news/vendor/laravel/framework/src/Illuminate/Foundation/Http/Kernel.php(111): Illuminate\Pipeline\Pipeline->then(Object(Closure))
#15 /var/www/html/p_crawl_news/vendor/laravel/framework/src/Illuminate/Foundation/Http/Kernel.php(84): Illuminate\Foundation\Http\Kernel->sendRequestThroughRouter(Object(Illuminate\Http\Request))
#16 /var/www/html/p_crawl_news/index.php(53): Illuminate\Foundation\Http\Kernel->handle(Object(Illuminate\Http\Request))
#17 {main}  
[2016-04-26 22:38:06] production.ERROR: exception 'Symfony\Component\Debug\Exception\FatalErrorException' with message 'Call to undefined function Illuminate\Encryption\mcrypt_get_iv_size()' in /var/www/html/p_crawl_news/vendor/laravel/framework/src/Illuminate/Encryption/Encrypter.php:303
Stack trace:
#0 {main}  
